<?xml version="1.0" encoding="UTF-8"?>
<testsuite name="org.agenturbell.AcceptanceTestSuite" time="36.871" tests="25" errors="0" skipped="6" failures="3">
  <properties>
    <property name="java.runtime.name" value="Java(TM) SE Runtime Environment"/>
    <property name="sun.boot.library.path" value="/Library/Java/JavaVirtualMachines/jdk1.8.0_66.jdk/Contents/Home/jre/lib"/>
    <property name="java.vm.version" value="25.66-b17"/>
    <property name="user.country.format" value="GB"/>
    <property name="gopherProxySet" value="false"/>
    <property name="java.vm.vendor" value="Oracle Corporation"/>
    <property name="maven.multiModuleProjectDirectory" value="/Users/ahumphr/IdeaProjects/jbehave"/>
    <property name="java.vendor.url" value="http://java.oracle.com/"/>
    <property name="path.separator" value=":"/>
    <property name="guice.disable.misplaced.annotation.check" value="true"/>
    <property name="java.vm.name" value="Java HotSpot(TM) 64-Bit Server VM"/>
    <property name="file.encoding.pkg" value="sun.io"/>
    <property name="user.country" value="US"/>
    <property name="sun.java.launcher" value="SUN_STANDARD"/>
    <property name="sun.os.patch.level" value="unknown"/>
    <property name="java.vm.specification.name" value="Java Virtual Machine Specification"/>
    <property name="user.dir" value="/Users/ahumphr/IdeaProjects/jbehave"/>
    <property name="java.runtime.version" value="1.8.0_66-b17"/>
    <property name="java.awt.graphicsenv" value="sun.awt.CGraphicsEnvironment"/>
    <property name="java.endorsed.dirs" value="/Library/Java/JavaVirtualMachines/jdk1.8.0_66.jdk/Contents/Home/jre/lib/endorsed"/>
    <property name="os.arch" value="x86_64"/>
    <property name="java.io.tmpdir" value="/var/folders/kg/x4kynzcd40j3myqq52qt8dq80000gn/T/"/>
    <property name="line.separator" value="&#10;"/>
    <property name="java.vm.specification.vendor" value="Oracle Corporation"/>
    <property name="os.name" value="Mac OS X"/>
    <property name="classworlds.conf" value="/Users/ahumphr/Apps/maven/bin/m2.conf"/>
    <property name="sun.jnu.encoding" value="UTF-8"/>
    <property name="java.library.path" value="/Users/ahumphr/Library/Java/Extensions:/Library/Java/Extensions:/Network/Library/Java/Extensions:/System/Library/Java/Extensions:/usr/lib/java:."/>
    <property name="java.specification.name" value="Java Platform API Specification"/>
    <property name="java.class.version" value="52.0"/>
    <property name="sun.management.compiler" value="HotSpot 64-Bit Tiered Compilers"/>
    <property name="maven.test.failure.ignore" value="true"/>
    <property name="os.version" value="10.11.2"/>
    <property name="http.nonProxyHosts" value="local|*.local|169.254/16|*.169.254/16"/>
    <property name="user.home" value="/Users/ahumphr"/>
    <property name="user.timezone" value="Europe/Berlin"/>
    <property name="java.awt.printerjob" value="sun.lwawt.macosx.CPrinterJob"/>
    <property name="java.specification.version" value="1.8"/>
    <property name="file.encoding" value="UTF-8"/>
    <property name="user.name" value="ahumphr"/>
    <property name="java.class.path" value="/Users/ahumphr/Apps/maven/boot/plexus-classworlds-2.5.2.jar"/>
    <property name="java.vm.specification.version" value="1.8"/>
    <property name="sun.arch.data.model" value="64"/>
    <property name="java.home" value="/Library/Java/JavaVirtualMachines/jdk1.8.0_66.jdk/Contents/Home/jre"/>
    <property name="sun.java.command" value="org.codehaus.plexus.classworlds.launcher.Launcher clean verify serenity:aggregate -Dmaven.test.failure.ignore=true"/>
    <property name="java.specification.vendor" value="Oracle Corporation"/>
    <property name="user.language" value="en"/>
    <property name="awt.toolkit" value="sun.lwawt.macosx.LWCToolkit"/>
    <property name="java.vm.info" value="mixed mode"/>
    <property name="java.version" value="1.8.0_66"/>
    <property name="java.ext.dirs" value="/Users/ahumphr/Library/Java/Extensions:/Library/Java/JavaVirtualMachines/jdk1.8.0_66.jdk/Contents/Home/jre/lib/ext:/Library/Java/Extensions:/Network/Library/Java/Extensions:/System/Library/Java/Extensions:/usr/lib/java"/>
    <property name="sun.boot.class.path" value="/Library/Java/JavaVirtualMachines/jdk1.8.0_66.jdk/Contents/Home/jre/lib/resources.jar:/Library/Java/JavaVirtualMachines/jdk1.8.0_66.jdk/Contents/Home/jre/lib/rt.jar:/Library/Java/JavaVirtualMachines/jdk1.8.0_66.jdk/Contents/Home/jre/lib/sunrsasign.jar:/Library/Java/JavaVirtualMachines/jdk1.8.0_66.jdk/Contents/Home/jre/lib/jsse.jar:/Library/Java/JavaVirtualMachines/jdk1.8.0_66.jdk/Contents/Home/jre/lib/jce.jar:/Library/Java/JavaVirtualMachines/jdk1.8.0_66.jdk/Contents/Home/jre/lib/charsets.jar:/Library/Java/JavaVirtualMachines/jdk1.8.0_66.jdk/Contents/Home/jre/lib/jfr.jar:/Library/Java/JavaVirtualMachines/jdk1.8.0_66.jdk/Contents/Home/jre/classes"/>
    <property name="java.vendor" value="Oracle Corporation"/>
    <property name="maven.home" value="/Users/ahumphr/Apps/maven"/>
    <property name="file.separator" value="/"/>
    <property name="java.vendor.url.bug" value="http://bugreport.sun.com/bugreport/"/>
    <property name="sun.cpu.endian" value="little"/>
    <property name="sun.io.unicode.encoding" value="UnicodeBig"/>
    <property name="socksNonProxyHosts" value="local|*.local|169.254/16|*.169.254/16"/>
    <property name="ftp.nonProxyHosts" value="local|*.local|169.254/16|*.169.254/16"/>
    <property name="sun.cpu.isalist" value=""/>
  </properties>
  <testcase name="BeforeStories" classname="java.lang.Object" time="0.003"/>
  <testcase name="Given the user is on the Wikionary home page" classname="org.agenturbell.steps.DefinitionSteps" time="7.06"/>
  <testcase name="When the user looks up the definition of the word &apos;apple&apos;" classname="org.agenturbell.steps.DefinitionSteps" time="4.459"/>
  <testcase name="Then they should see the definition &apos;A common, round fruit produced by the tree Malus domestica, cultivated in temperate climates.&apos;" classname="org.agenturbell.steps.DefinitionSteps" time="1.572"/>
  <testcase name="Scenario: Looking up the definition of &apos;apple&apos;" classname="Scenario: Looking up the definition of &apos;apple&apos;" time="1.605"/>
  <testcase name="Given the user is on the Wikionary home page​" classname="org.agenturbell.steps.DefinitionSteps" time="1.706"/>
  <testcase name="When the user looks up the definition of the word &apos;pear&apos;" classname="org.agenturbell.steps.DefinitionSteps" time="3.743"/>
  <testcase name="Then they should see the definition &apos;An edible fruit produced by the pear tree, similar to an apple but elongated towards the stem.&apos;" classname="org.agenturbell.steps.DefinitionSteps" time="0.875"/>
  <testcase name="Scenario: Looking up the definition of &apos;pear&apos;" classname="Scenario: Looking up the definition of &apos;pear&apos;" time="0.88"/>
  <testcase name="Given the user is on the Wikionary home page​​" classname="org.agenturbell.steps.DefinitionSteps" time="1.756"/>
  <testcase name="When the user looks up the definition of the word &apos;peach&apos;" classname="org.agenturbell.steps.DefinitionSteps" time="3.55"/>
  <testcase name="Then they should see the definition &apos;An edible fruit produced by the peach tree, similar to an apple but elongated towards the stem.&apos;" classname="org.agenturbell.steps.DefinitionSteps" time="0.772">
    <failure message="&#10;Expected: a collection containing a string containing &quot;An edible fruit produced by the peach tree, similar to an apple but elongated towards the stem.&quot;&#10;     but: was &quot;A tree (Prunus persica), native to China and now widely cultivated throughout temperate regions, having pink flowers and edible fruit.&quot;, was &quot;The soft juicy stone fruit of the peach tree, having yellow flesh, downy, red-tinted yellow skin, and a deeply sculptured pit or stone containing a single seed.  [quotations ▼]&quot;, was &quot;&quot;, was &quot;A light moderate to strong yellowish pink to light orange color.&#10;peach colour:    &quot;, was &quot;(informal) A particularly admirable or pleasing person or thing.  [quotations ▼]&quot;, was &quot;&quot;, was &quot;The large, edible berry of the Sarcocephalus esculentus, a rubiaceous climbing shrub of west tropical Africa.&quot;" type="java.lang.AssertionError"><![CDATA[java.lang.AssertionError: 
Expected: a collection containing a string containing "An edible fruit produced by the peach tree, similar to an apple but elongated towards the stem."
     but: was "A tree (Prunus persica), native to China and now widely cultivated throughout temperate regions, having pink flowers and edible fruit.", was "The soft juicy stone fruit of the peach tree, having yellow flesh, downy, red-tinted yellow skin, and a deeply sculptured pit or stone containing a single seed.  [quotations ▼]", was "", was "A light moderate to strong yellowish pink to light orange color.
peach colour:    ", was "(informal) A particularly admirable or pleasing person or thing.  [quotations ▼]", was "", was "The large, edible berry of the Sarcocephalus esculentus, a rubiaceous climbing shrub of west tropical Africa."
	at org.hamcrest.MatcherAssert.assertThat(MatcherAssert.java:20)
	at org.hamcrest.MatcherAssert.assertThat(MatcherAssert.java:8)
	at org.agenturbell.steps.serenity.EndUserSteps.should_see_definition(EndUserSteps.java:27)
	at org.agenturbell.steps.serenity.EndUserSteps$$EnhancerByCGLIB$$e775cca6.CGLIB$should_see_definition$3(<generated>)
	at org.agenturbell.steps.serenity.EndUserSteps$$EnhancerByCGLIB$$e775cca6$$FastClassByCGLIB$$1e33059b.invoke(<generated>)
	at net.sf.cglib.proxy.MethodProxy.invokeSuper(MethodProxy.java:228)
	at net.thucydides.core.steps.StepInterceptor.invokeMethod(StepInterceptor.java:339)
	at net.thucydides.core.steps.StepInterceptor.executeTestStepMethod(StepInterceptor.java:324)
	at net.thucydides.core.steps.StepInterceptor.runTestStep(StepInterceptor.java:299)
	at net.thucydides.core.steps.StepInterceptor.testStepResult(StepInterceptor.java:129)
	at net.thucydides.core.steps.StepInterceptor.intercept(StepInterceptor.java:56)
	at org.agenturbell.steps.serenity.EndUserSteps$$EnhancerByCGLIB$$e775cca6.should_see_definition(<generated>)
	at org.agenturbell.steps.DefinitionSteps.thenTheyShouldSeeADefinitionContainingTheWords(DefinitionSteps.java:27)
]]></failure>
    <system-out><![CDATA[Then they should see the definition 'An edible fruit produced by the peach tree, similar to an apple but elongated towards the stem.' (FAILED)
(java.lang.AssertionError: 
Expected: a collection containing a string containing "An edible fruit produced by the peach tree, similar to an apple but elongated towards the stem."
     but: was "A tree (Prunus persica), native to China and now widely cultivated throughout temperate regions, having pink flowers and edible fruit.", was "The soft juicy stone fruit of the peach tree, having yellow flesh, downy, red-tinted yellow skin, and a deeply sculptured pit or stone containing a single seed.  [quotations ▼]", was "", was "A light moderate to strong yellowish pink to light orange color.
peach colour:    ", was "(informal) A particularly admirable or pleasing person or thing.  [quotations ▼]", was "", was "The large, edible berry of the Sarcocephalus esculentus, a rubiaceous climbing shrub of west tropical Africa.")
]]></system-out>
    <system-err><![CDATA[[pool-1-thread-1] INFO net.thucydides.core.steps.StepInterceptor - STARTING STEP: DefinitionSteps.thenTheyShouldSeeADefinitionContainingTheWords - should_see_definition
[pool-1-thread-1] WARN net.thucydides.core.model.FailureAnalysis - Could not find error class: 
[pool-1-thread-1] WARN net.thucydides.core.model.FailureAnalysis - Could not find error class: 
[pool-1-thread-1] WARN net.thucydides.core.model.FailureAnalysis - Could not find error class: 
[pool-1-thread-1] WARN net.thucydides.core.model.FailureAnalysis - Could not find error class: 
[pool-1-thread-1] WARN net.thucydides.core.model.FailureAnalysis - Could not find error class: 
[pool-1-thread-1] WARN net.thucydides.core.model.FailureAnalysis - Could not find error class: 
[pool-1-thread-1] WARN net.thucydides.core.model.FailureAnalysis - Could not find error class: 
[pool-1-thread-1] INFO net.serenitybdd.core.Serenity - STEP FAILED: java.lang.AssertionError: 
Expected: a collection containing a string containing "An edible fruit produced by the peach tree, similar to an apple but elongated towards the stem."
     but: was "A tree (Prunus persica), native to China and now widely cultivated throughout temperate regions, having pink flowers and edible fruit.", was "The soft juicy stone fruit of the peach tree, having yellow flesh, downy, red-tinted yellow skin, and a deeply sculptured pit or stone containing a single seed.  [quotations ▼]", was "", was "A light moderate to strong yellowish pink to light orange color.
peach colour:    ", was "(informal) A particularly admirable or pleasing person or thing.  [quotations ▼]", was "", was "The large, edible berry of the Sarcocephalus esculentus, a rubiaceous climbing shrub of west tropical Africa."
[pool-1-thread-1] WARN net.thucydides.core.model.FailureAnalysis - Could not find error class: 
[pool-1-thread-1] WARN net.thucydides.core.model.FailureAnalysis - Could not find error class: 
[pool-1-thread-1] WARN net.thucydides.core.model.FailureAnalysis - Could not find error class: 
[pool-1-thread-1] WARN net.thucydides.core.model.FailureAnalysis - Could not find error class: 
[pool-1-thread-1] WARN net.thucydides.core.model.FailureAnalysis - Could not find error class: 
[pool-1-thread-1] WARN net.thucydides.core.model.FailureAnalysis - Could not find error class: 
[pool-1-thread-1] WARN net.thucydides.core.model.FailureAnalysis - Could not find error class: 
[pool-1-thread-1] INFO net.serenitybdd.core.Serenity - STEP FAILED: java.lang.AssertionError: 
Expected: a collection containing a string containing "An edible fruit produced by the peach tree, similar to an apple but elongated towards the stem."
     but: was "A tree (Prunus persica), native to China and now widely cultivated throughout temperate regions, having pink flowers and edible fruit.", was "The soft juicy stone fruit of the peach tree, having yellow flesh, downy, red-tinted yellow skin, and a deeply sculptured pit or stone containing a single seed.  [quotations ▼]", was "", was "A light moderate to strong yellowish pink to light orange color.
peach colour:    ", was "(informal) A particularly admirable or pleasing person or thing.  [quotations ▼]", was "", was "The large, edible berry of the Sarcocephalus esculentus, a rubiaceous climbing shrub of west tropical Africa."
]]></system-err>
  </testcase>
  <testcase name="Scenario: Looking up the definition of &apos;peach&apos;" classname="Scenario: Looking up the definition of &apos;peach&apos;" time="0.785">
    <failure message="scenario failed!" type="java.lang.AssertionError">java.lang.AssertionError: scenario failed!
	at de.codecentric.jbehave.junit.monitoring.JUnitScenarioReporter.afterScenario(JUnitScenarioReporter.java:218)
	at org.jbehave.core.reporters.DelegatingStoryReporter.afterScenario(DelegatingStoryReporter.java:43)
	at org.jbehave.core.reporters.ConcurrentStoryReporter.afterScenario(ConcurrentStoryReporter.java:175)
	at org.jbehave.core.embedder.StoryRunner.runCancellable(StoryRunner.java:347)
	at org.jbehave.core.embedder.StoryRunner.run(StoryRunner.java:239)
	at org.jbehave.core.embedder.StoryRunner.run(StoryRunner.java:182)
	at org.jbehave.core.embedder.StoryManager$EnqueuedStory.call(StoryManager.java:266)
	at org.jbehave.core.embedder.StoryManager$EnqueuedStory.call(StoryManager.java:233)
	at java.util.concurrent.FutureTask.run(FutureTask.java:266)
	at java.util.concurrent.ThreadPoolExecutor.runWorker(ThreadPoolExecutor.java:1142)
	at java.util.concurrent.ThreadPoolExecutor$Worker.run(ThreadPoolExecutor.java:617)
	at java.lang.Thread.run(Thread.java:745)
</failure>
    <system-out><![CDATA[
java.lang.AssertionError: 
Expected: a collection containing a string containing "An edible fruit produced by the peach tree, similar to an apple but elongated towards the stem."
     but: was "A tree (Prunus persica), native to China and now widely cultivated throughout temperate regions, having pink flowers and edible fruit.", was "The soft juicy stone fruit of the peach tree, having yellow flesh, downy, red-tinted yellow skin, and a deeply sculptured pit or stone containing a single seed.  [quotations ▼]", was "", was "A light moderate to strong yellowish pink to light orange color.
peach colour:    ", was "(informal) A particularly admirable or pleasing person or thing.  [quotations ▼]", was "", was "The large, edible berry of the Sarcocephalus esculentus, a rubiaceous climbing shrub of west tropical Africa."
	at org.hamcrest.MatcherAssert.assertThat(MatcherAssert.java:20)
	at org.hamcrest.MatcherAssert.assertThat(MatcherAssert.java:8)
	at org.agenturbell.steps.serenity.EndUserSteps.should_see_definition(EndUserSteps.java:27)
	at org.agenturbell.steps.serenity.EndUserSteps$$EnhancerByCGLIB$$e775cca6.CGLIB$should_see_definition$3(<generated>)
	at org.agenturbell.steps.serenity.EndUserSteps$$EnhancerByCGLIB$$e775cca6$$FastClassByCGLIB$$1e33059b.invoke(<generated>)
	at net.sf.cglib.proxy.MethodProxy.invokeSuper(MethodProxy.java:228)
	at net.thucydides.core.steps.StepInterceptor.invokeMethod(StepInterceptor.java:339)
	at net.thucydides.core.steps.StepInterceptor.executeTestStepMethod(StepInterceptor.java:324)
	at net.thucydides.core.steps.StepInterceptor.runTestStep(StepInterceptor.java:299)
	at net.thucydides.core.steps.StepInterceptor.testStepResult(StepInterceptor.java:129)
	at net.thucydides.core.steps.StepInterceptor.intercept(StepInterceptor.java:56)
	at org.agenturbell.steps.serenity.EndUserSteps$$EnhancerByCGLIB$$e775cca6.should_see_definition(<generated>)
	at org.agenturbell.steps.DefinitionSteps.thenTheyShouldSeeADefinitionContainingTheWords(DefinitionSteps.java:27)
	(reflection-invoke)
	at org.jbehave.core.steps.StepCreator$ParametrisedStep.perform(StepCreator.java:595)
	at org.jbehave.core.embedder.StoryRunner$FineSoFar.run(StoryRunner.java:566)
...
]]></system-out>
    <system-err><![CDATA[[pool-1-thread-1] INFO net.serenitybdd.core.Serenity - 
           __  _____ _____ ____ _____   _____ _    ___ _     _____ ____  
  _       / / |_   _| ____/ ___|_   _| |  ___/ \  |_ _| |   | ____|  _ \ 
 (_)_____| |    | | |  _| \___ \ | |   | |_ / _ \  | || |   |  _| | | | |
  _|_____| |    | | | |___ ___) || |   |  _/ ___ \ | || |___| |___| |_| |
 (_)     | |    |_| |_____|____/ |_|   |_|/_/   \_\___|_____|_____|____/ 
          \_\                                                            

TEST FAILED: Looking up the definition of 'peach'
--------------------------------------------------------------------------
[pool-1-thread-1] INFO net.serenitybdd.core.Serenity - RELATED ISSUES: 
[pool-1-thread-1] INFO net.serenitybdd.core.Serenity - 
  _____ _    ___ _     _   _ ____  _____ 
 |  ___/ \  |_ _| |   | | | |  _ \| ____|
 | |_ / _ \  | || |   | | | | |_) |  _|  
 |  _/ ___ \ | || |___| |_| |  _ <| |___ 
 |_|/_/   \_\___|_____|\___/|_| \_\_____|
                                         


Expected: a collection containing a string containing "An edible fruit produced by the peach tree, similar to an apple but elongated towards the stem."
     but: was "A tree (Prunus persica), native to China and now widely cultivated throughout temperate regions, having pink flowers and edible fruit.", was "The soft juicy stone fruit of the peach tree, having yellow flesh, downy, red-tinted yellow skin, and a deeply sculptured pit or stone containing a single seed.  [quotations ▼]", was "", was "A light moderate to strong yellowish pink to light orange color.
peach colour:    ", was "(informal) A particularly admirable or pleasing person or thing.  [quotations ▼]", was "", was "The large, edible berry of the Sarcocephalus esculentus, a rubiaceous climbing shrub of west tropical Africa."
]]></system-err>
  </testcase>
  <testcase name="Given the user is on the Wikionary home page​​​" classname="org.agenturbell.steps.DefinitionSteps" time="1.892"/>
  <testcase name="[PENDING] When they fail to enter a term" classname="[PENDING] When they fail to enter a term" time="0">
    <skipped/>
    <system-out><![CDATA[When they fail to enter a term (PENDING)
]]></system-out>
    <system-err><![CDATA[[pool-1-thread-1] INFO net.serenitybdd.core.Serenity - TEST PENDING
]]></system-err>
  </testcase>
  <testcase name="Then they should see the definition &apos;An edible fruit produced by the peach tree, similar to an apple but elongated towards the stem.&apos;​" classname="org.agenturbell.steps.DefinitionSteps" time="0">
    <skipped/>
    <system-out><![CDATA[Then they should see the definition 'An edible fruit produced by the peach tree, similar to an apple but elongated towards the stem.' (NOT PERFORMED)
]]></system-out>
  </testcase>
  <testcase name="Scenario: The user fails to enter a term" classname="Scenario: The user fails to enter a term" time="2.155"/>
  <testcase name="LookupADefinition.story" classname="LookupADefinition.story" time="2.282">
    <failure message="story failed!" type="java.lang.AssertionError">java.lang.AssertionError: story failed!
	at de.codecentric.jbehave.junit.monitoring.JUnitScenarioReporter.afterStory(JUnitScenarioReporter.java:143)
	at org.jbehave.core.reporters.DelegatingStoryReporter.afterStory(DelegatingStoryReporter.java:49)
	at org.jbehave.core.reporters.ConcurrentStoryReporter.afterStory(ConcurrentStoryReporter.java:121)
	at org.jbehave.core.embedder.StoryRunner.runCancellable(StoryRunner.java:355)
	at org.jbehave.core.embedder.StoryRunner.run(StoryRunner.java:239)
	at org.jbehave.core.embedder.StoryRunner.run(StoryRunner.java:182)
	at org.jbehave.core.embedder.StoryManager$EnqueuedStory.call(StoryManager.java:266)
	at org.jbehave.core.embedder.StoryManager$EnqueuedStory.call(StoryManager.java:233)
	at java.util.concurrent.FutureTask.run(FutureTask.java:266)
	at java.util.concurrent.ThreadPoolExecutor.runWorker(ThreadPoolExecutor.java:1142)
	at java.util.concurrent.ThreadPoolExecutor$Worker.run(ThreadPoolExecutor.java:617)
	at java.lang.Thread.run(Thread.java:745)
</failure>
    <system-out><![CDATA[
]]></system-out>
  </testcase>
  <testcase name="[PENDING] Given the system contains a defintion of cumquat" classname="[PENDING] Given the system contains a defintion of cumquat" time="0">
    <skipped/>
    <system-out><![CDATA[Failed to run story stories/consult_dictionary/LookupADefinition.story
java.lang.AssertionError: 
Expected: a collection containing a string containing "An edible fruit produced by the peach tree, similar to an apple but elongated towards the stem."
     but: was "A tree (Prunus persica), native to China and now widely cultivated throughout temperate regions, having pink flowers and edible fruit.", was "The soft juicy stone fruit of the peach tree, having yellow flesh, downy, red-tinted yellow skin, and a deeply sculptured pit or stone containing a single seed.  [quotations ▼]", was "", was "A light moderate to strong yellowish pink to light orange color.
peach colour:    ", was "(informal) A particularly admirable or pleasing person or thing.  [quotations ▼]", was "", was "The large, edible berry of the Sarcocephalus esculentus, a rubiaceous climbing shrub of west tropical Africa."
	at org.hamcrest.MatcherAssert.assertThat(MatcherAssert.java:20)
	at org.hamcrest.MatcherAssert.assertThat(MatcherAssert.java:8)
	at org.agenturbell.steps.serenity.EndUserSteps.should_see_definition(EndUserSteps.java:27)
	at org.agenturbell.steps.serenity.EndUserSteps$$EnhancerByCGLIB$$e775cca6.CGLIB$should_see_definition$3(<generated>)
	at org.agenturbell.steps.serenity.EndUserSteps$$EnhancerByCGLIB$$e775cca6$$FastClassByCGLIB$$1e33059b.invoke(<generated>)
	at net.sf.cglib.proxy.MethodProxy.invokeSuper(MethodProxy.java:228)
	at net.thucydides.core.steps.StepInterceptor.invokeMethod(StepInterceptor.java:339)
	at net.thucydides.core.steps.StepInterceptor.executeTestStepMethod(StepInterceptor.java:324)
	at net.thucydides.core.steps.StepInterceptor.runTestStep(StepInterceptor.java:299)
	at net.thucydides.core.steps.StepInterceptor.testStepResult(StepInterceptor.java:129)
	at net.thucydides.core.steps.StepInterceptor.intercept(StepInterceptor.java:56)
	at org.agenturbell.steps.serenity.EndUserSteps$$EnhancerByCGLIB$$e775cca6.should_see_definition(<generated>)
	at org.agenturbell.steps.DefinitionSteps.thenTheyShouldSeeADefinitionContainingTheWords(DefinitionSteps.java:27)
	at sun.reflect.NativeMethodAccessorImpl.invoke0(Native Method)
	at sun.reflect.NativeMethodAccessorImpl.invoke(NativeMethodAccessorImpl.java:62)
	at sun.reflect.DelegatingMethodAccessorImpl.invoke(DelegatingMethodAccessorImpl.java:43)
	at java.lang.reflect.Method.invoke(Method.java:497)
	at org.jbehave.core.steps.StepCreator$ParametrisedStep.perform(StepCreator.java:595)
	at org.jbehave.core.embedder.StoryRunner$FineSoFar.run(StoryRunner.java:566)
	at org.jbehave.core.embedder.StoryRunner.runStepsWhileKeepingState(StoryRunner.java:546)
	at org.jbehave.core.embedder.StoryRunner.runScenarioSteps(StoryRunner.java:510)
	at org.jbehave.core.embedder.StoryRunner.runStepsWithLifecycle(StoryRunner.java:476)
	at org.jbehave.core.embedder.StoryRunner.runCancellable(StoryRunner.java:336)
	at org.jbehave.core.embedder.StoryRunner.run(StoryRunner.java:239)
	at org.jbehave.core.embedder.StoryRunner.run(StoryRunner.java:182)
	at org.jbehave.core.embedder.StoryManager$EnqueuedStory.call(StoryManager.java:266)
	at org.jbehave.core.embedder.StoryManager$EnqueuedStory.call(StoryManager.java:233)
	at java.util.concurrent.FutureTask.run(FutureTask.java:266)
	at java.util.concurrent.ThreadPoolExecutor.runWorker(ThreadPoolExecutor.java:1142)
	at java.util.concurrent.ThreadPoolExecutor$Worker.run(ThreadPoolExecutor.java:617)
	at java.lang.Thread.run(Thread.java:745)
Running story stories/update_definition/UpdateADefinition.story

(stories/update_definition/UpdateADefinition.story)
Scenario: Updating the definition of cumquat
Given the system contains a defintion of cumquat (PENDING)
]]></system-out>
    <system-err><![CDATA[[pool-1-thread-1] INFO net.serenitybdd.core.Serenity - Test Suite Started: Update a definition
[pool-1-thread-1] INFO net.serenitybdd.core.Serenity - 
  _____ _____ ____ _____   ____ _____  _    ____ _____ _____ ____  
 |_   _| ____/ ___|_   _| / ___|_   _|/ \  |  _ \_   _| ____|  _ \ 
   | | |  _| \___ \ | |   \___ \ | | / _ \ | |_) || | |  _| | | | |
   | | | |___ ___) || |    ___) || |/ ___ \|  _ < | | | |___| |_| |
   |_| |_____|____/ |_|   |____/ |_/_/   \_\_| \_\|_| |_____|____/ 
                                                                   

TEST STARTED: Updating the definition of cumquat
--------------------------------------------------------------------
[pool-1-thread-1] INFO net.serenitybdd.core.Serenity - TEST PENDING
]]></system-err>
  </testcase>
  <testcase name="[PENDING] When I log onto the system as admin to update cumquat" classname="[PENDING] When I log onto the system as admin to update cumquat" time="0">
    <skipped/>
    <system-out><![CDATA[When I log onto the system as admin to update cumquat (PENDING)
]]></system-out>
    <system-err><![CDATA[[pool-1-thread-1] INFO net.serenitybdd.core.Serenity - TEST PENDING
]]></system-err>
  </testcase>
  <testcase name="[PENDING] And I update the cumquat definition with todays date" classname="[PENDING] And I update the cumquat definition with todays date" time="0">
    <skipped/>
    <system-out><![CDATA[And I update the cumquat definition with todays date (PENDING)
]]></system-out>
    <system-err><![CDATA[[pool-1-thread-1] INFO net.serenitybdd.core.Serenity - TEST PENDING
]]></system-err>
  </testcase>
  <testcase name="[PENDING] Then the definition of cumquat should show last edit today." classname="[PENDING] Then the definition of cumquat should show last edit today." time="0">
    <skipped/>
    <system-out><![CDATA[Then the definition of cumquat should show last edit today. (PENDING)
]]></system-out>
    <system-err><![CDATA[[pool-1-thread-1] INFO net.serenitybdd.core.Serenity - TEST PENDING
]]></system-err>
  </testcase>
  <testcase name="Scenario: Updating the definition of cumquat" classname="Scenario: Updating the definition of cumquat" time="0.005"/>
  <testcase name="UpdateADefinition.story" classname="UpdateADefinition.story" time="0.005"/>
  <testcase name="AfterStories" classname="java.lang.Object" time="1.766"/>
</testsuite>